


ARM Macro Assembler    Page 1 


    1 00000000         ;/******************************************************
                       ***********************
    2 00000000         ; * @file:    startup_stm32f10x_cl.s
    3 00000000         ; * @purpose: CMSIS Cortex-M3 Core Device Startup File f
                       or the 
    4 00000000         ; *           ST STM32F10x Connectivity Line Device Seri
                       es 
    5 00000000         ; * @version: V1.0
    6 00000000         ; * @date:    18. Jun. 2009
    7 00000000         ; *------- <<< Use Configuration Wizard in Context Menu 
                       >>> ------------------
    8 00000000         ; *
    9 00000000         ; * Copyright (C) 2009 ARM Limited. All rights reserved.
                       
   10 00000000         ; * ARM Limited (ARM) is supplying this software for use
                        with Cortex-M3 
   11 00000000         ; * processor based microcontrollers.  This file can be 
                       freely distributed 
   12 00000000         ; * within development tools that are supporting such AR
                       M based processors. 
   13 00000000         ; *
   14 00000000         ; * THIS SOFTWARE IS PROVIDED "AS IS".  NO WARRANTIES, W
                       HETHER EXPRESS, IMPLIED
   15 00000000         ; * OR STATUTORY, INCLUDING, BUT NOT LIMITED TO, IMPLIED
                        WARRANTIES OF
   16 00000000         ; * MERCHANTABILITY AND FITNESS FOR A PARTICULAR PURPOSE
                        APPLY TO THIS SOFTWARE.
   17 00000000         ; * ARM SHALL NOT, IN ANY CIRCUMSTANCES, BE LIABLE FOR S
                       PECIAL, INCIDENTAL, OR
   18 00000000         ; * CONSEQUENTIAL DAMAGES, FOR ANY REASON WHATSOEVER.
   19 00000000         ; *
   20 00000000         ; ******************************************************
                       ***********************/
   21 00000000         
   22 00000000         
   23 00000000         ; <h> Stack Configuration
   24 00000000         ;   <o> Stack Size (in Bytes) <0x0-0xFFFFFFFF:8>
   25 00000000         ; </h>
   26 00000000         
   27 00000000         ;Stack_Size      EQU     0x00000200
   28 00000000 00000400 
                       Stack_Size
                               EQU              0x00000400
   29 00000000         
   30 00000000                 AREA             STACK, NOINIT, READWRITE, ALIGN
=3
   31 00000000         Stack_Mem
                               SPACE            Stack_Size
   32 00000400         __initial_sp
   33 00000400         
   34 00000400         
   35 00000400         ; <h> Heap Configuration
   36 00000400         ;   <o>  Heap Size (in Bytes) <0x0-0xFFFFFFFF:8>
   37 00000400         ; </h>
   38 00000400         
   39 00000400 00000000 
                       Heap_Size
                               EQU              0x00000000
   40 00000400         



ARM Macro Assembler    Page 2 


   41 00000400                 AREA             HEAP, NOINIT, READWRITE, ALIGN=
3
   42 00000000         __heap_base
   43 00000000         Heap_Mem
                               SPACE            Heap_Size
   44 00000000         __heap_limit
   45 00000000         
   46 00000000         
   47 00000000                 PRESERVE8
   48 00000000                 THUMB
   49 00000000         
   50 00000000         
   51 00000000         ; Vector Table Mapped to Address 0 at Reset
   52 00000000         
   53 00000000                 AREA             RESET, DATA, READONLY
   54 00000000                 EXPORT           __Vectors
   55 00000000                 EXPORT           __Vectors_End
   56 00000000                 EXPORT           __Vectors_Size
   57 00000000         
   58 00000000 00000000 
                       __Vectors
                               DCD              __initial_sp ; Top of Stack
   59 00000004 00000000        DCD              Reset_Handler ; Reset Handler
   60 00000008 00000000        DCD              NMI_Handler ; NMI Handler
   61 0000000C 00000000        DCD              HardFault_Handler ; Hard Fault 
                                                            Handler
   62 00000010 00000000        DCD              MemManage_Handler 
                                                            ; MPU Fault Handler
                                                            
   63 00000014 00000000        DCD              BusFault_Handler 
                                                            ; Bus Fault Handler
                                                            
   64 00000018 00000000        DCD              UsageFault_Handler ; Usage Faul
                                                            t Handler
   65 0000001C 00000000        DCD              0           ; Reserved
   66 00000020 00000000        DCD              0           ; Reserved
   67 00000024 00000000        DCD              0           ; Reserved
   68 00000028 00000000        DCD              0           ; Reserved
   69 0000002C 00000000        DCD              SVC_Handler ; SVCall Handler
   70 00000030 00000000        DCD              DebugMon_Handler ; Debug Monito
                                                            r Handler
   71 00000034 00000000        DCD              0           ; Reserved
   72 00000038 00000000        DCD              PendSV_Handler ; PendSV Handler
                                                            
   73 0000003C 00000000        DCD              SysTick_Handler 
                                                            ; SysTick Handler
   74 00000040         
   75 00000040         ; External Interrupts
   76 00000040 00000000        DCD              WWDG_IRQHandler ;  0: Window Wa
                                                            tchdog
   77 00000044 00000000        DCD              PVD_IRQHandler ;  1: PVD throug
                                                            h EXTI Line detect
   78 00000048 00000000        DCD              TAMPER_IRQHandler ;  2: Tamper
   79 0000004C 00000000        DCD              RTC_IRQHandler ;  3: RTC
   80 00000050 00000000        DCD              FLASH_IRQHandler ;  4: Flash
   81 00000054 00000000        DCD              RCC_IRQHandler ;  5: RCC
   82 00000058 00000000        DCD              EXTI0_IRQHandler 
                                                            ;  6: EXTI Line 0
   83 0000005C 00000000        DCD              EXTI1_IRQHandler 



ARM Macro Assembler    Page 3 


                                                            ;  7: EXTI Line 1
   84 00000060 00000000        DCD              EXTI2_IRQHandler 
                                                            ;  8: EXTI Line 2
   85 00000064 00000000        DCD              EXTI3_IRQHandler 
                                                            ;  9: EXTI Line 3
   86 00000068 00000000        DCD              EXTI4_IRQHandler 
                                                            ; 10: EXTI Line 4
   87 0000006C 00000000        DCD              DMA1_Channel1_IRQHandler ; 11: 
                                                            DMA1 Channel 1
   88 00000070 00000000        DCD              DMA1_Channel2_IRQHandler ; 12: 
                                                            DMA1 Channel 2
   89 00000074 00000000        DCD              DMA1_Channel3_IRQHandler ; 13: 
                                                            DMA1 Channel 3
   90 00000078 00000000        DCD              DMA1_Channel4_IRQHandler ; 14: 
                                                            DMA1 Channel 4
   91 0000007C 00000000        DCD              DMA1_Channel5_IRQHandler ; 15: 
                                                            DMA1 Channel 5
   92 00000080 00000000        DCD              DMA1_Channel6_IRQHandler ; 16: 
                                                            DMA1 Channel 6
   93 00000084 00000000        DCD              DMA1_Channel7_IRQHandler ; 17: 
                                                            DMA1 Channel 7
   94 00000088 00000000        DCD              ADC1_2_IRQHandler 
                                                            ; 18: ADC1 and ADC2
                                                            
   95 0000008C 00000000        DCD              CAN1_TX_IRQHandler 
                                                            ; 19: CAN1 TX
   96 00000090 00000000        DCD              CAN1_RX0_IRQHandler 
                                                            ; 20: CAN1 RX0
   97 00000094 00000000        DCD              CAN1_RX1_IRQHandler 
                                                            ; 21: CAN1 RX1
   98 00000098 00000000        DCD              CAN1_SCE_IRQHandler 
                                                            ; 22: CAN1 SCE
   99 0000009C 00000000        DCD              EXTI9_5_IRQHandler ; 23: EXTI L
                                                            ine 9..5
  100 000000A0 00000000        DCD              TIM1_BRK_IRQHandler 
                                                            ; 24: TIM1 Break
  101 000000A4 00000000        DCD              TIM1_UP_IRQHandler 
                                                            ; 25: TIM1 Update
  102 000000A8 00000000        DCD              TIM1_TRG_COM_IRQHandler ; 26: T
                                                            IM1 Trigger and Com
                                                            mutation
  103 000000AC 00000000        DCD              TIM1_CC_IRQHandler ; 27: TIM1 C
                                                            apture Compare
  104 000000B0 00000000        DCD              TIM2_IRQHandler ; 28: TIM2
  105 000000B4 00000000        DCD              TIM3_IRQHandler ; 29: TIM3
  106 000000B8 00000000        DCD              TIM4_IRQHandler ; 30: TIM4
  107 000000BC 00000000        DCD              I2C1_EV_IRQHandler 
                                                            ; 31: I2C1 Event
  108 000000C0 00000000        DCD              I2C1_ER_IRQHandler 
                                                            ; 32: I2C1 Error
  109 000000C4 00000000        DCD              I2C2_EV_IRQHandler 
                                                            ; 33: I2C2 Event
  110 000000C8 00000000        DCD              I2C2_ER_IRQHandler 
                                                            ; 34: I2C2 Error
  111 000000CC 00000000        DCD              SPI1_IRQHandler ; 35: SPI1
  112 000000D0 00000000        DCD              SPI2_IRQHandler ; 36: SPI2
  113 000000D4 00000000        DCD              USART1_IRQHandler ; 37: USART1
  114 000000D8 00000000        DCD              USART2_IRQHandler ; 38: USART2
  115 000000DC 00000000        DCD              USART3_IRQHandler ; 39: USART3



ARM Macro Assembler    Page 4 


  116 000000E0 00000000        DCD              EXTI15_10_IRQHandler ; 40: EXTI
                                                             Line 15..10
  117 000000E4 00000000        DCD              RTCAlarm_IRQHandler ; 41: RTC A
                                                            larm through EXTI L
                                                            ine
  118 000000E8 00000000        DCD              OTG_FS_WKUP_IRQHandler ; 42: US
                                                            B OTG FS Wakeup
  119 000000EC 00000000        DCD              Default_Handler ; 43: Reserved
  120 000000F0 00000000        DCD              Default_Handler ; 44: Reserved
  121 000000F4 00000000        DCD              Default_Handler ; 45: Reserved
  122 000000F8 00000000        DCD              Default_Handler ; 46: Reserved
  123 000000FC 00000000        DCD              Default_Handler ; 47: Reserved
  124 00000100 00000000        DCD              Default_Handler ; 48: Reserved
  125 00000104 00000000        DCD              Default_Handler ; 49: Reserved
  126 00000108 00000000        DCD              TIM5_IRQHandler ; 50: TIM5
  127 0000010C 00000000        DCD              SPI3_IRQHandler ; 51: SPI3
  128 00000110 00000000        DCD              UART4_IRQHandler ; 52: UART4
  129 00000114 00000000        DCD              UART5_IRQHandler ; 53: UART5
  130 00000118 00000000        DCD              TIM6_IRQHandler ; 54: TIM6
  131 0000011C 00000000        DCD              TIM7_IRQHandler ; 55: TIM7
  132 00000120 00000000        DCD              DMA2_Channel1_IRQHandler ; 56: 
                                                            DMA2 Channel 1
  133 00000124 00000000        DCD              DMA2_Channel2_IRQHandler ; 57: 
                                                            DMA2 Channel 2
  134 00000128 00000000        DCD              DMA2_Channel3_IRQHandler ; 58: 
                                                            DMA2 Channel 3
  135 0000012C 00000000        DCD              DMA2_Channel4_IRQHandler ; 59: 
                                                            DMA2 Channel 4
  136 00000130 00000000        DCD              DMA2_Channel5_IRQHandler ; 60: 
                                                            DMA2 Channel 5
  137 00000134 00000000        DCD              ETH_IRQHandler ; 61: Ethernet
  138 00000138 00000000        DCD              ETH_WKUP_IRQHandler ; 62: Ether
                                                            net Wakeup
  139 0000013C 00000000        DCD              CAN2_TX_IRQHandler 
                                                            ; 63: CAN2 TX
  140 00000140 00000000        DCD              CAN2_RX0_IRQHandler 
                                                            ; 64: CAN2 RX0
  141 00000144 00000000        DCD              CAN2_RX1_IRQHandler 
                                                            ; 65: CAN2 RX1
  142 00000148 00000000        DCD              CAN2_SCE_IRQHandler 
                                                            ; 66: CAN2 SCE
  143 0000014C 00000000        DCD              OTG_FS_IRQHandler ; 67: USB On-
                                                            The-Go FS
  144 00000150         __Vectors_End
  145 00000150         
  146 00000150 00000150 
                       __Vectors_Size
                               EQU              __Vectors_End - __Vectors
  147 00000150         
  148 00000150                 AREA             |.text|, CODE, READONLY
  149 00000000         
  150 00000000         
  151 00000000         ; Reset Handler
  152 00000000         
  153 00000000         Reset_Handler
                               PROC
  154 00000000                 EXPORT           Reset_Handler             [WEAK
]
  155 00000000                 IMPORT           __main



ARM Macro Assembler    Page 5 


  156 00000000 4805            LDR              R0, =__main
  157 00000002 4700            BX               R0
  158 00000004                 ENDP
  159 00000004         
  160 00000004         
  161 00000004         ; Dummy Exception Handlers (infinite loops which can be 
                       modified)
  162 00000004         
  163 00000004         NMI_Handler
                               PROC
  164 00000004                 EXPORT           NMI_Handler               [WEAK
]
  165 00000004 E7FE            B                .
  166 00000006                 ENDP
  168 00000006         HardFault_Handler
                               PROC
  169 00000006                 EXPORT           HardFault_Handler         [WEAK
]
  170 00000006 E7FE            B                .
  171 00000008                 ENDP
  173 00000008         MemManage_Handler
                               PROC
  174 00000008                 EXPORT           MemManage_Handler         [WEAK
]
  175 00000008 E7FE            B                .
  176 0000000A                 ENDP
  178 0000000A         BusFault_Handler
                               PROC
  179 0000000A                 EXPORT           BusFault_Handler          [WEAK
]
  180 0000000A E7FE            B                .
  181 0000000C                 ENDP
  183 0000000C         UsageFault_Handler
                               PROC
  184 0000000C                 EXPORT           UsageFault_Handler        [WEAK
]
  185 0000000C E7FE            B                .
  186 0000000E                 ENDP
  187 0000000E         SVC_Handler
                               PROC
  188 0000000E                 EXPORT           SVC_Handler               [WEAK
]
  189 0000000E E7FE            B                .
  190 00000010                 ENDP
  192 00000010         DebugMon_Handler
                               PROC
  193 00000010                 EXPORT           DebugMon_Handler          [WEAK
]
  194 00000010 E7FE            B                .
  195 00000012                 ENDP
  196 00000012         PendSV_Handler
                               PROC
  197 00000012                 EXPORT           PendSV_Handler            [WEAK
]
  198 00000012 E7FE            B                .
  199 00000014                 ENDP
  200 00000014         SysTick_Handler
                               PROC
  201 00000014                 EXPORT           SysTick_Handler           [WEAK



ARM Macro Assembler    Page 6 


]
  202 00000014 E7FE            B                .
  203 00000016                 ENDP
  204 00000016         
  205 00000016         Default_Handler
                               PROC
  206 00000016         
  207 00000016                 EXPORT           WWDG_IRQHandler           [WEAK
]
  208 00000016                 EXPORT           PVD_IRQHandler            [WEAK
]
  209 00000016                 EXPORT           TAMPER_IRQHandler         [WEAK
]
  210 00000016                 EXPORT           RTC_IRQHandler            [WEAK
]
  211 00000016                 EXPORT           FLASH_IRQHandler          [WEAK
]
  212 00000016                 EXPORT           RCC_IRQHandler            [WEAK
]
  213 00000016                 EXPORT           EXTI0_IRQHandler          [WEAK
]
  214 00000016                 EXPORT           EXTI1_IRQHandler          [WEAK
]
  215 00000016                 EXPORT           EXTI2_IRQHandler          [WEAK
]
  216 00000016                 EXPORT           EXTI3_IRQHandler          [WEAK
]
  217 00000016                 EXPORT           EXTI4_IRQHandler          [WEAK
]
  218 00000016                 EXPORT           DMA1_Channel1_IRQHandler  [WEAK
]
  219 00000016                 EXPORT           DMA1_Channel2_IRQHandler  [WEAK
]
  220 00000016                 EXPORT           DMA1_Channel3_IRQHandler  [WEAK
]
  221 00000016                 EXPORT           DMA1_Channel4_IRQHandler  [WEAK
]
  222 00000016                 EXPORT           DMA1_Channel5_IRQHandler  [WEAK
]
  223 00000016                 EXPORT           DMA1_Channel6_IRQHandler  [WEAK
]
  224 00000016                 EXPORT           DMA1_Channel7_IRQHandler  [WEAK
]
  225 00000016                 EXPORT           ADC1_2_IRQHandler         [WEAK
]
  226 00000016                 EXPORT           CAN1_TX_IRQHandler        [WEAK
]
  227 00000016                 EXPORT           CAN1_RX0_IRQHandler       [WEAK
]
  228 00000016                 EXPORT           CAN1_RX1_IRQHandler       [WEAK
]
  229 00000016                 EXPORT           CAN1_SCE_IRQHandler       [WEAK
]
  230 00000016                 EXPORT           EXTI9_5_IRQHandler        [WEAK
]
  231 00000016                 EXPORT           TIM1_BRK_IRQHandler       [WEAK
]
  232 00000016                 EXPORT           TIM1_UP_IRQHandler        [WEAK
]



ARM Macro Assembler    Page 7 


  233 00000016                 EXPORT           TIM1_TRG_COM_IRQHandler   [WEAK
]
  234 00000016                 EXPORT           TIM1_CC_IRQHandler        [WEAK
]
  235 00000016                 EXPORT           TIM2_IRQHandler           [WEAK
]
  236 00000016                 EXPORT           TIM3_IRQHandler           [WEAK
]
  237 00000016                 EXPORT           TIM4_IRQHandler           [WEAK
]
  238 00000016                 EXPORT           I2C1_EV_IRQHandler        [WEAK
]
  239 00000016                 EXPORT           I2C1_ER_IRQHandler        [WEAK
]
  240 00000016                 EXPORT           I2C2_EV_IRQHandler        [WEAK
]
  241 00000016                 EXPORT           I2C2_ER_IRQHandler        [WEAK
]
  242 00000016                 EXPORT           SPI1_IRQHandler           [WEAK
]
  243 00000016                 EXPORT           SPI2_IRQHandler           [WEAK
]
  244 00000016                 EXPORT           USART1_IRQHandler         [WEAK
]
  245 00000016                 EXPORT           USART2_IRQHandler         [WEAK
]
  246 00000016                 EXPORT           USART3_IRQHandler         [WEAK
]
  247 00000016                 EXPORT           EXTI15_10_IRQHandler      [WEAK
]
  248 00000016                 EXPORT           RTCAlarm_IRQHandler       [WEAK
]
  249 00000016                 EXPORT           OTG_FS_WKUP_IRQHandler    [WEAK
]
  250 00000016                 EXPORT           TIM5_IRQHandler           [WEAK
]
  251 00000016                 EXPORT           SPI3_IRQHandler           [WEAK
]
  252 00000016                 EXPORT           UART4_IRQHandler          [WEAK
]
  253 00000016                 EXPORT           UART5_IRQHandler          [WEAK
]
  254 00000016                 EXPORT           TIM6_IRQHandler           [WEAK
]
  255 00000016                 EXPORT           TIM7_IRQHandler           [WEAK
]
  256 00000016                 EXPORT           DMA2_Channel1_IRQHandler  [WEAK
]
  257 00000016                 EXPORT           DMA2_Channel2_IRQHandler  [WEAK
]
  258 00000016                 EXPORT           DMA2_Channel3_IRQHandler  [WEAK
]
  259 00000016                 EXPORT           DMA2_Channel4_IRQHandler  [WEAK
]
  260 00000016                 EXPORT           DMA2_Channel5_IRQHandler  [WEAK
]
  261 00000016                 EXPORT           ETH_IRQHandler            [WEAK
]
  262 00000016                 EXPORT           ETH_WKUP_IRQHandler       [WEAK



ARM Macro Assembler    Page 8 


]
  263 00000016                 EXPORT           CAN2_TX_IRQHandler        [WEAK
]
  264 00000016                 EXPORT           CAN2_RX0_IRQHandler       [WEAK
]
  265 00000016                 EXPORT           CAN2_RX1_IRQHandler       [WEAK
]
  266 00000016                 EXPORT           CAN2_SCE_IRQHandler       [WEAK
]
  267 00000016                 EXPORT           OTG_FS_IRQHandler         [WEAK
]
  268 00000016         
  269 00000016         WWDG_IRQHandler
  270 00000016         PVD_IRQHandler
  271 00000016         TAMPER_IRQHandler
  272 00000016         RTC_IRQHandler
  273 00000016         FLASH_IRQHandler
  274 00000016         RCC_IRQHandler
  275 00000016         EXTI0_IRQHandler
  276 00000016         EXTI1_IRQHandler
  277 00000016         EXTI2_IRQHandler
  278 00000016         EXTI3_IRQHandler
  279 00000016         EXTI4_IRQHandler
  280 00000016         DMA1_Channel1_IRQHandler
  281 00000016         DMA1_Channel2_IRQHandler
  282 00000016         DMA1_Channel3_IRQHandler
  283 00000016         DMA1_Channel4_IRQHandler
  284 00000016         DMA1_Channel5_IRQHandler
  285 00000016         DMA1_Channel6_IRQHandler
  286 00000016         DMA1_Channel7_IRQHandler
  287 00000016         ADC1_2_IRQHandler
  288 00000016         CAN1_TX_IRQHandler
  289 00000016         CAN1_RX0_IRQHandler
  290 00000016         CAN1_RX1_IRQHandler
  291 00000016         CAN1_SCE_IRQHandler
  292 00000016         EXTI9_5_IRQHandler
  293 00000016         TIM1_BRK_IRQHandler
  294 00000016         TIM1_UP_IRQHandler
  295 00000016         TIM1_TRG_COM_IRQHandler
  296 00000016         TIM1_CC_IRQHandler
  297 00000016         TIM2_IRQHandler
  298 00000016         TIM3_IRQHandler
  299 00000016         TIM4_IRQHandler
  300 00000016         I2C1_EV_IRQHandler
  301 00000016         I2C1_ER_IRQHandler
  302 00000016         I2C2_EV_IRQHandler
  303 00000016         I2C2_ER_IRQHandler
  304 00000016         SPI1_IRQHandler
  305 00000016         SPI2_IRQHandler
  306 00000016         USART1_IRQHandler
  307 00000016         USART2_IRQHandler
  308 00000016         USART3_IRQHandler
  309 00000016         EXTI15_10_IRQHandler
  310 00000016         RTCAlarm_IRQHandler
  311 00000016         OTG_FS_WKUP_IRQHandler
  312 00000016         TIM5_IRQHandler
  313 00000016         SPI3_IRQHandler
  314 00000016         UART4_IRQHandler
  315 00000016         UART5_IRQHandler



ARM Macro Assembler    Page 9 


  316 00000016         TIM6_IRQHandler
  317 00000016         TIM7_IRQHandler
  318 00000016         DMA2_Channel1_IRQHandler
  319 00000016         DMA2_Channel2_IRQHandler
  320 00000016         DMA2_Channel3_IRQHandler
  321 00000016         DMA2_Channel4_IRQHandler
  322 00000016         DMA2_Channel5_IRQHandler
  323 00000016         ETH_IRQHandler
  324 00000016         ETH_WKUP_IRQHandler
  325 00000016         CAN2_TX_IRQHandler
  326 00000016         CAN2_RX0_IRQHandler
  327 00000016         CAN2_RX1_IRQHandler
  328 00000016         CAN2_SCE_IRQHandler
  329 00000016         OTG_FS_IRQHandler
  330 00000016         
  331 00000016 E7FE            B                .
  332 00000018         
  333 00000018                 ENDP
  334 00000018         
  335 00000018         
  336 00000018                 ALIGN
  337 00000018         
  338 00000018         
  339 00000018         ; User Initial Stack & Heap
  340 00000018         
  341 00000018                 IF               :DEF:__MICROLIB
  342 00000018         
  343 00000018                 EXPORT           __initial_sp
  344 00000018                 EXPORT           __heap_base
  345 00000018                 EXPORT           __heap_limit
  346 00000018         
  347 00000018                 ELSE
  361                          ENDIF
  362 00000018         
  363 00000018         
  364 00000018                 END
              00000000 
Command Line: --16 --debug --xref --cpu=Cortex-M3 --apcs=interwork --depend=.\o
bj\startup_stm32f10x_cl.d -o.\obj\startup_stm32f10x_cl.o -IC:\Keil\ARM\RV31\INC
 -IC:\Keil\ARM\CMSIS\Include -IC:\Keil\ARM\Inc\ST\STM32F10x --predefine="__RTX 
SETA 1" --predefine="__MICROLIB SETA 1" --list=.\lst\startup_stm32f10x_cl.lst s
tartup_stm32f10x_cl.s



ARM Macro Assembler    Page 1 Alphabetic symbol ordering
Relocatable symbols

STACK 00000000

Symbol: STACK
   Definitions
      At line 30 in file startup_stm32f10x_cl.s
   Uses
      None
Comment: STACK unused
Stack_Mem 00000000

Symbol: Stack_Mem
   Definitions
      At line 31 in file startup_stm32f10x_cl.s
   Uses
      None
Comment: Stack_Mem unused
__initial_sp 00000400

Symbol: __initial_sp
   Definitions
      At line 32 in file startup_stm32f10x_cl.s
   Uses
      At line 58 in file startup_stm32f10x_cl.s
      At line 343 in file startup_stm32f10x_cl.s

3 symbols



ARM Macro Assembler    Page 1 Alphabetic symbol ordering
Relocatable symbols

HEAP 00000000

Symbol: HEAP
   Definitions
      At line 41 in file startup_stm32f10x_cl.s
   Uses
      None
Comment: HEAP unused
Heap_Mem 00000000

Symbol: Heap_Mem
   Definitions
      At line 43 in file startup_stm32f10x_cl.s
   Uses
      None
Comment: Heap_Mem unused
__heap_base 00000000

Symbol: __heap_base
   Definitions
      At line 42 in file startup_stm32f10x_cl.s
   Uses
      At line 344 in file startup_stm32f10x_cl.s
Comment: __heap_base used once
__heap_limit 00000000

Symbol: __heap_limit
   Definitions
      At line 44 in file startup_stm32f10x_cl.s
   Uses
      At line 345 in file startup_stm32f10x_cl.s
Comment: __heap_limit used once
4 symbols



ARM Macro Assembler    Page 1 Alphabetic symbol ordering
Relocatable symbols

RESET 00000000

Symbol: RESET
   Definitions
      At line 53 in file startup_stm32f10x_cl.s
   Uses
      None
Comment: RESET unused
__Vectors 00000000

Symbol: __Vectors
   Definitions
      At line 58 in file startup_stm32f10x_cl.s
   Uses
      At line 54 in file startup_stm32f10x_cl.s
      At line 146 in file startup_stm32f10x_cl.s

__Vectors_End 00000150

Symbol: __Vectors_End
   Definitions
      At line 144 in file startup_stm32f10x_cl.s
   Uses
      At line 55 in file startup_stm32f10x_cl.s
      At line 146 in file startup_stm32f10x_cl.s

3 symbols



ARM Macro Assembler    Page 1 Alphabetic symbol ordering
Relocatable symbols

.text 00000000

Symbol: .text
   Definitions
      At line 148 in file startup_stm32f10x_cl.s
   Uses
      None
Comment: .text unused
ADC1_2_IRQHandler 00000016

Symbol: ADC1_2_IRQHandler
   Definitions
      At line 287 in file startup_stm32f10x_cl.s
   Uses
      At line 94 in file startup_stm32f10x_cl.s
      At line 225 in file startup_stm32f10x_cl.s

BusFault_Handler 0000000A

Symbol: BusFault_Handler
   Definitions
      At line 178 in file startup_stm32f10x_cl.s
   Uses
      At line 63 in file startup_stm32f10x_cl.s
      At line 179 in file startup_stm32f10x_cl.s

CAN1_RX0_IRQHandler 00000016

Symbol: CAN1_RX0_IRQHandler
   Definitions
      At line 289 in file startup_stm32f10x_cl.s
   Uses
      At line 96 in file startup_stm32f10x_cl.s
      At line 227 in file startup_stm32f10x_cl.s

CAN1_RX1_IRQHandler 00000016

Symbol: CAN1_RX1_IRQHandler
   Definitions
      At line 290 in file startup_stm32f10x_cl.s
   Uses
      At line 97 in file startup_stm32f10x_cl.s
      At line 228 in file startup_stm32f10x_cl.s

CAN1_SCE_IRQHandler 00000016

Symbol: CAN1_SCE_IRQHandler
   Definitions
      At line 291 in file startup_stm32f10x_cl.s
   Uses
      At line 98 in file startup_stm32f10x_cl.s
      At line 229 in file startup_stm32f10x_cl.s

CAN1_TX_IRQHandler 00000016

Symbol: CAN1_TX_IRQHandler
   Definitions
      At line 288 in file startup_stm32f10x_cl.s
   Uses



ARM Macro Assembler    Page 2 Alphabetic symbol ordering
Relocatable symbols

      At line 95 in file startup_stm32f10x_cl.s
      At line 226 in file startup_stm32f10x_cl.s

CAN2_RX0_IRQHandler 00000016

Symbol: CAN2_RX0_IRQHandler
   Definitions
      At line 326 in file startup_stm32f10x_cl.s
   Uses
      At line 140 in file startup_stm32f10x_cl.s
      At line 264 in file startup_stm32f10x_cl.s

CAN2_RX1_IRQHandler 00000016

Symbol: CAN2_RX1_IRQHandler
   Definitions
      At line 327 in file startup_stm32f10x_cl.s
   Uses
      At line 141 in file startup_stm32f10x_cl.s
      At line 265 in file startup_stm32f10x_cl.s

CAN2_SCE_IRQHandler 00000016

Symbol: CAN2_SCE_IRQHandler
   Definitions
      At line 328 in file startup_stm32f10x_cl.s
   Uses
      At line 142 in file startup_stm32f10x_cl.s
      At line 266 in file startup_stm32f10x_cl.s

CAN2_TX_IRQHandler 00000016

Symbol: CAN2_TX_IRQHandler
   Definitions
      At line 325 in file startup_stm32f10x_cl.s
   Uses
      At line 139 in file startup_stm32f10x_cl.s
      At line 263 in file startup_stm32f10x_cl.s

DMA1_Channel1_IRQHandler 00000016

Symbol: DMA1_Channel1_IRQHandler
   Definitions
      At line 280 in file startup_stm32f10x_cl.s
   Uses
      At line 87 in file startup_stm32f10x_cl.s
      At line 218 in file startup_stm32f10x_cl.s

DMA1_Channel2_IRQHandler 00000016

Symbol: DMA1_Channel2_IRQHandler
   Definitions
      At line 281 in file startup_stm32f10x_cl.s
   Uses
      At line 88 in file startup_stm32f10x_cl.s
      At line 219 in file startup_stm32f10x_cl.s

DMA1_Channel3_IRQHandler 00000016




ARM Macro Assembler    Page 3 Alphabetic symbol ordering
Relocatable symbols

Symbol: DMA1_Channel3_IRQHandler
   Definitions
      At line 282 in file startup_stm32f10x_cl.s
   Uses
      At line 89 in file startup_stm32f10x_cl.s
      At line 220 in file startup_stm32f10x_cl.s

DMA1_Channel4_IRQHandler 00000016

Symbol: DMA1_Channel4_IRQHandler
   Definitions
      At line 283 in file startup_stm32f10x_cl.s
   Uses
      At line 90 in file startup_stm32f10x_cl.s
      At line 221 in file startup_stm32f10x_cl.s

DMA1_Channel5_IRQHandler 00000016

Symbol: DMA1_Channel5_IRQHandler
   Definitions
      At line 284 in file startup_stm32f10x_cl.s
   Uses
      At line 91 in file startup_stm32f10x_cl.s
      At line 222 in file startup_stm32f10x_cl.s

DMA1_Channel6_IRQHandler 00000016

Symbol: DMA1_Channel6_IRQHandler
   Definitions
      At line 285 in file startup_stm32f10x_cl.s
   Uses
      At line 92 in file startup_stm32f10x_cl.s
      At line 223 in file startup_stm32f10x_cl.s

DMA1_Channel7_IRQHandler 00000016

Symbol: DMA1_Channel7_IRQHandler
   Definitions
      At line 286 in file startup_stm32f10x_cl.s
   Uses
      At line 93 in file startup_stm32f10x_cl.s
      At line 224 in file startup_stm32f10x_cl.s

DMA2_Channel1_IRQHandler 00000016

Symbol: DMA2_Channel1_IRQHandler
   Definitions
      At line 318 in file startup_stm32f10x_cl.s
   Uses
      At line 132 in file startup_stm32f10x_cl.s
      At line 256 in file startup_stm32f10x_cl.s

DMA2_Channel2_IRQHandler 00000016

Symbol: DMA2_Channel2_IRQHandler
   Definitions
      At line 319 in file startup_stm32f10x_cl.s
   Uses
      At line 133 in file startup_stm32f10x_cl.s



ARM Macro Assembler    Page 4 Alphabetic symbol ordering
Relocatable symbols

      At line 257 in file startup_stm32f10x_cl.s

DMA2_Channel3_IRQHandler 00000016

Symbol: DMA2_Channel3_IRQHandler
   Definitions
      At line 320 in file startup_stm32f10x_cl.s
   Uses
      At line 134 in file startup_stm32f10x_cl.s
      At line 258 in file startup_stm32f10x_cl.s

DMA2_Channel4_IRQHandler 00000016

Symbol: DMA2_Channel4_IRQHandler
   Definitions
      At line 321 in file startup_stm32f10x_cl.s
   Uses
      At line 135 in file startup_stm32f10x_cl.s
      At line 259 in file startup_stm32f10x_cl.s

DMA2_Channel5_IRQHandler 00000016

Symbol: DMA2_Channel5_IRQHandler
   Definitions
      At line 322 in file startup_stm32f10x_cl.s
   Uses
      At line 136 in file startup_stm32f10x_cl.s
      At line 260 in file startup_stm32f10x_cl.s

DebugMon_Handler 00000010

Symbol: DebugMon_Handler
   Definitions
      At line 192 in file startup_stm32f10x_cl.s
   Uses
      At line 70 in file startup_stm32f10x_cl.s
      At line 193 in file startup_stm32f10x_cl.s

Default_Handler 00000016

Symbol: Default_Handler
   Definitions
      At line 205 in file startup_stm32f10x_cl.s
   Uses
      At line 119 in file startup_stm32f10x_cl.s
      At line 120 in file startup_stm32f10x_cl.s
      At line 121 in file startup_stm32f10x_cl.s
      At line 122 in file startup_stm32f10x_cl.s
      At line 123 in file startup_stm32f10x_cl.s
      At line 124 in file startup_stm32f10x_cl.s
      At line 125 in file startup_stm32f10x_cl.s

ETH_IRQHandler 00000016

Symbol: ETH_IRQHandler
   Definitions
      At line 323 in file startup_stm32f10x_cl.s
   Uses
      At line 137 in file startup_stm32f10x_cl.s



ARM Macro Assembler    Page 5 Alphabetic symbol ordering
Relocatable symbols

      At line 261 in file startup_stm32f10x_cl.s

ETH_WKUP_IRQHandler 00000016

Symbol: ETH_WKUP_IRQHandler
   Definitions
      At line 324 in file startup_stm32f10x_cl.s
   Uses
      At line 138 in file startup_stm32f10x_cl.s
      At line 262 in file startup_stm32f10x_cl.s

EXTI0_IRQHandler 00000016

Symbol: EXTI0_IRQHandler
   Definitions
      At line 275 in file startup_stm32f10x_cl.s
   Uses
      At line 82 in file startup_stm32f10x_cl.s
      At line 213 in file startup_stm32f10x_cl.s

EXTI15_10_IRQHandler 00000016

Symbol: EXTI15_10_IRQHandler
   Definitions
      At line 309 in file startup_stm32f10x_cl.s
   Uses
      At line 116 in file startup_stm32f10x_cl.s
      At line 247 in file startup_stm32f10x_cl.s

EXTI1_IRQHandler 00000016

Symbol: EXTI1_IRQHandler
   Definitions
      At line 276 in file startup_stm32f10x_cl.s
   Uses
      At line 83 in file startup_stm32f10x_cl.s
      At line 214 in file startup_stm32f10x_cl.s

EXTI2_IRQHandler 00000016

Symbol: EXTI2_IRQHandler
   Definitions
      At line 277 in file startup_stm32f10x_cl.s
   Uses
      At line 84 in file startup_stm32f10x_cl.s
      At line 215 in file startup_stm32f10x_cl.s

EXTI3_IRQHandler 00000016

Symbol: EXTI3_IRQHandler
   Definitions
      At line 278 in file startup_stm32f10x_cl.s
   Uses
      At line 85 in file startup_stm32f10x_cl.s
      At line 216 in file startup_stm32f10x_cl.s

EXTI4_IRQHandler 00000016

Symbol: EXTI4_IRQHandler



ARM Macro Assembler    Page 6 Alphabetic symbol ordering
Relocatable symbols

   Definitions
      At line 279 in file startup_stm32f10x_cl.s
   Uses
      At line 86 in file startup_stm32f10x_cl.s
      At line 217 in file startup_stm32f10x_cl.s

EXTI9_5_IRQHandler 00000016

Symbol: EXTI9_5_IRQHandler
   Definitions
      At line 292 in file startup_stm32f10x_cl.s
   Uses
      At line 99 in file startup_stm32f10x_cl.s
      At line 230 in file startup_stm32f10x_cl.s

FLASH_IRQHandler 00000016

Symbol: FLASH_IRQHandler
   Definitions
      At line 273 in file startup_stm32f10x_cl.s
   Uses
      At line 80 in file startup_stm32f10x_cl.s
      At line 211 in file startup_stm32f10x_cl.s

HardFault_Handler 00000006

Symbol: HardFault_Handler
   Definitions
      At line 168 in file startup_stm32f10x_cl.s
   Uses
      At line 61 in file startup_stm32f10x_cl.s
      At line 169 in file startup_stm32f10x_cl.s

I2C1_ER_IRQHandler 00000016

Symbol: I2C1_ER_IRQHandler
   Definitions
      At line 301 in file startup_stm32f10x_cl.s
   Uses
      At line 108 in file startup_stm32f10x_cl.s
      At line 239 in file startup_stm32f10x_cl.s

I2C1_EV_IRQHandler 00000016

Symbol: I2C1_EV_IRQHandler
   Definitions
      At line 300 in file startup_stm32f10x_cl.s
   Uses
      At line 107 in file startup_stm32f10x_cl.s
      At line 238 in file startup_stm32f10x_cl.s

I2C2_ER_IRQHandler 00000016

Symbol: I2C2_ER_IRQHandler
   Definitions
      At line 303 in file startup_stm32f10x_cl.s
   Uses
      At line 110 in file startup_stm32f10x_cl.s
      At line 241 in file startup_stm32f10x_cl.s



ARM Macro Assembler    Page 7 Alphabetic symbol ordering
Relocatable symbols


I2C2_EV_IRQHandler 00000016

Symbol: I2C2_EV_IRQHandler
   Definitions
      At line 302 in file startup_stm32f10x_cl.s
   Uses
      At line 109 in file startup_stm32f10x_cl.s
      At line 240 in file startup_stm32f10x_cl.s

MemManage_Handler 00000008

Symbol: MemManage_Handler
   Definitions
      At line 173 in file startup_stm32f10x_cl.s
   Uses
      At line 62 in file startup_stm32f10x_cl.s
      At line 174 in file startup_stm32f10x_cl.s

NMI_Handler 00000004

Symbol: NMI_Handler
   Definitions
      At line 163 in file startup_stm32f10x_cl.s
   Uses
      At line 60 in file startup_stm32f10x_cl.s
      At line 164 in file startup_stm32f10x_cl.s

OTG_FS_IRQHandler 00000016

Symbol: OTG_FS_IRQHandler
   Definitions
      At line 329 in file startup_stm32f10x_cl.s
   Uses
      At line 143 in file startup_stm32f10x_cl.s
      At line 267 in file startup_stm32f10x_cl.s

OTG_FS_WKUP_IRQHandler 00000016

Symbol: OTG_FS_WKUP_IRQHandler
   Definitions
      At line 311 in file startup_stm32f10x_cl.s
   Uses
      At line 118 in file startup_stm32f10x_cl.s
      At line 249 in file startup_stm32f10x_cl.s

PVD_IRQHandler 00000016

Symbol: PVD_IRQHandler
   Definitions
      At line 270 in file startup_stm32f10x_cl.s
   Uses
      At line 77 in file startup_stm32f10x_cl.s
      At line 208 in file startup_stm32f10x_cl.s

PendSV_Handler 00000012

Symbol: PendSV_Handler
   Definitions



ARM Macro Assembler    Page 8 Alphabetic symbol ordering
Relocatable symbols

      At line 196 in file startup_stm32f10x_cl.s
   Uses
      At line 72 in file startup_stm32f10x_cl.s
      At line 197 in file startup_stm32f10x_cl.s

RCC_IRQHandler 00000016

Symbol: RCC_IRQHandler
   Definitions
      At line 274 in file startup_stm32f10x_cl.s
   Uses
      At line 81 in file startup_stm32f10x_cl.s
      At line 212 in file startup_stm32f10x_cl.s

RTCAlarm_IRQHandler 00000016

Symbol: RTCAlarm_IRQHandler
   Definitions
      At line 310 in file startup_stm32f10x_cl.s
   Uses
      At line 117 in file startup_stm32f10x_cl.s
      At line 248 in file startup_stm32f10x_cl.s

RTC_IRQHandler 00000016

Symbol: RTC_IRQHandler
   Definitions
      At line 272 in file startup_stm32f10x_cl.s
   Uses
      At line 79 in file startup_stm32f10x_cl.s
      At line 210 in file startup_stm32f10x_cl.s

Reset_Handler 00000000

Symbol: Reset_Handler
   Definitions
      At line 153 in file startup_stm32f10x_cl.s
   Uses
      At line 59 in file startup_stm32f10x_cl.s
      At line 154 in file startup_stm32f10x_cl.s

SPI1_IRQHandler 00000016

Symbol: SPI1_IRQHandler
   Definitions
      At line 304 in file startup_stm32f10x_cl.s
   Uses
      At line 111 in file startup_stm32f10x_cl.s
      At line 242 in file startup_stm32f10x_cl.s

SPI2_IRQHandler 00000016

Symbol: SPI2_IRQHandler
   Definitions
      At line 305 in file startup_stm32f10x_cl.s
   Uses
      At line 112 in file startup_stm32f10x_cl.s
      At line 243 in file startup_stm32f10x_cl.s




ARM Macro Assembler    Page 9 Alphabetic symbol ordering
Relocatable symbols

SPI3_IRQHandler 00000016

Symbol: SPI3_IRQHandler
   Definitions
      At line 313 in file startup_stm32f10x_cl.s
   Uses
      At line 127 in file startup_stm32f10x_cl.s
      At line 251 in file startup_stm32f10x_cl.s

SVC_Handler 0000000E

Symbol: SVC_Handler
   Definitions
      At line 187 in file startup_stm32f10x_cl.s
   Uses
      At line 69 in file startup_stm32f10x_cl.s
      At line 188 in file startup_stm32f10x_cl.s

SysTick_Handler 00000014

Symbol: SysTick_Handler
   Definitions
      At line 200 in file startup_stm32f10x_cl.s
   Uses
      At line 73 in file startup_stm32f10x_cl.s
      At line 201 in file startup_stm32f10x_cl.s

TAMPER_IRQHandler 00000016

Symbol: TAMPER_IRQHandler
   Definitions
      At line 271 in file startup_stm32f10x_cl.s
   Uses
      At line 78 in file startup_stm32f10x_cl.s
      At line 209 in file startup_stm32f10x_cl.s

TIM1_BRK_IRQHandler 00000016

Symbol: TIM1_BRK_IRQHandler
   Definitions
      At line 293 in file startup_stm32f10x_cl.s
   Uses
      At line 100 in file startup_stm32f10x_cl.s
      At line 231 in file startup_stm32f10x_cl.s

TIM1_CC_IRQHandler 00000016

Symbol: TIM1_CC_IRQHandler
   Definitions
      At line 296 in file startup_stm32f10x_cl.s
   Uses
      At line 103 in file startup_stm32f10x_cl.s
      At line 234 in file startup_stm32f10x_cl.s

TIM1_TRG_COM_IRQHandler 00000016

Symbol: TIM1_TRG_COM_IRQHandler
   Definitions
      At line 295 in file startup_stm32f10x_cl.s



ARM Macro Assembler    Page 10 Alphabetic symbol ordering
Relocatable symbols

   Uses
      At line 102 in file startup_stm32f10x_cl.s
      At line 233 in file startup_stm32f10x_cl.s

TIM1_UP_IRQHandler 00000016

Symbol: TIM1_UP_IRQHandler
   Definitions
      At line 294 in file startup_stm32f10x_cl.s
   Uses
      At line 101 in file startup_stm32f10x_cl.s
      At line 232 in file startup_stm32f10x_cl.s

TIM2_IRQHandler 00000016

Symbol: TIM2_IRQHandler
   Definitions
      At line 297 in file startup_stm32f10x_cl.s
   Uses
      At line 104 in file startup_stm32f10x_cl.s
      At line 235 in file startup_stm32f10x_cl.s

TIM3_IRQHandler 00000016

Symbol: TIM3_IRQHandler
   Definitions
      At line 298 in file startup_stm32f10x_cl.s
   Uses
      At line 105 in file startup_stm32f10x_cl.s
      At line 236 in file startup_stm32f10x_cl.s

TIM4_IRQHandler 00000016

Symbol: TIM4_IRQHandler
   Definitions
      At line 299 in file startup_stm32f10x_cl.s
   Uses
      At line 106 in file startup_stm32f10x_cl.s
      At line 237 in file startup_stm32f10x_cl.s

TIM5_IRQHandler 00000016

Symbol: TIM5_IRQHandler
   Definitions
      At line 312 in file startup_stm32f10x_cl.s
   Uses
      At line 126 in file startup_stm32f10x_cl.s
      At line 250 in file startup_stm32f10x_cl.s

TIM6_IRQHandler 00000016

Symbol: TIM6_IRQHandler
   Definitions
      At line 316 in file startup_stm32f10x_cl.s
   Uses
      At line 130 in file startup_stm32f10x_cl.s
      At line 254 in file startup_stm32f10x_cl.s

TIM7_IRQHandler 00000016



ARM Macro Assembler    Page 11 Alphabetic symbol ordering
Relocatable symbols


Symbol: TIM7_IRQHandler
   Definitions
      At line 317 in file startup_stm32f10x_cl.s
   Uses
      At line 131 in file startup_stm32f10x_cl.s
      At line 255 in file startup_stm32f10x_cl.s

UART4_IRQHandler 00000016

Symbol: UART4_IRQHandler
   Definitions
      At line 314 in file startup_stm32f10x_cl.s
   Uses
      At line 128 in file startup_stm32f10x_cl.s
      At line 252 in file startup_stm32f10x_cl.s

UART5_IRQHandler 00000016

Symbol: UART5_IRQHandler
   Definitions
      At line 315 in file startup_stm32f10x_cl.s
   Uses
      At line 129 in file startup_stm32f10x_cl.s
      At line 253 in file startup_stm32f10x_cl.s

USART1_IRQHandler 00000016

Symbol: USART1_IRQHandler
   Definitions
      At line 306 in file startup_stm32f10x_cl.s
   Uses
      At line 113 in file startup_stm32f10x_cl.s
      At line 244 in file startup_stm32f10x_cl.s

USART2_IRQHandler 00000016

Symbol: USART2_IRQHandler
   Definitions
      At line 307 in file startup_stm32f10x_cl.s
   Uses
      At line 114 in file startup_stm32f10x_cl.s
      At line 245 in file startup_stm32f10x_cl.s

USART3_IRQHandler 00000016

Symbol: USART3_IRQHandler
   Definitions
      At line 308 in file startup_stm32f10x_cl.s
   Uses
      At line 115 in file startup_stm32f10x_cl.s
      At line 246 in file startup_stm32f10x_cl.s

UsageFault_Handler 0000000C

Symbol: UsageFault_Handler
   Definitions
      At line 183 in file startup_stm32f10x_cl.s
   Uses



ARM Macro Assembler    Page 12 Alphabetic symbol ordering
Relocatable symbols

      At line 64 in file startup_stm32f10x_cl.s
      At line 184 in file startup_stm32f10x_cl.s

WWDG_IRQHandler 00000016

Symbol: WWDG_IRQHandler
   Definitions
      At line 269 in file startup_stm32f10x_cl.s
   Uses
      At line 76 in file startup_stm32f10x_cl.s
      At line 207 in file startup_stm32f10x_cl.s

73 symbols



ARM Macro Assembler    Page 1 Alphabetic symbol ordering
Absolute symbols

Heap_Size 00000000

Symbol: Heap_Size
   Definitions
      At line 39 in file startup_stm32f10x_cl.s
   Uses
      At line 43 in file startup_stm32f10x_cl.s
Comment: Heap_Size used once
Stack_Size 00000400

Symbol: Stack_Size
   Definitions
      At line 28 in file startup_stm32f10x_cl.s
   Uses
      At line 31 in file startup_stm32f10x_cl.s
Comment: Stack_Size used once
__Vectors_Size 00000150

Symbol: __Vectors_Size
   Definitions
      At line 146 in file startup_stm32f10x_cl.s
   Uses
      At line 56 in file startup_stm32f10x_cl.s
Comment: __Vectors_Size used once
3 symbols



ARM Macro Assembler    Page 1 Alphabetic symbol ordering
External symbols

__main 00000000

Symbol: __main
   Definitions
      At line 155 in file startup_stm32f10x_cl.s
   Uses
      At line 156 in file startup_stm32f10x_cl.s
Comment: __main used once
1 symbol
421 symbols in table
